# JRE version: OpenJDK Runtime Environment (8.0_212-b04) (build 1.8.0_212-release-1586-b04)
# Java VM: OpenJDK 64-Bit Server VM (25.212-b04 mixed mode windows-amd64 compressed oops)
Heap:
 PSYoungGen      total 267264K, used 191896K [0x00000000e0000000, 0x00000000f2800000, 0x0000000100000000)
  eden space 237568K, 72% used [0x00000000e0000000,0x00000000ea948358,0x00000000ee800000)
  from space 29696K, 62% used [0x00000000f0480000,0x00000000f169dd00,0x00000000f2180000)
  to   space 29184K, 0% used [0x00000000ee800000,0x00000000ee800000,0x00000000f0480000)
 ParOldGen       total 233984K, used 47236K [0x00000000a0000000, 0x00000000ae480000, 0x00000000e0000000)
  object space 233984K, 20% used [0x00000000a0000000,0x00000000a2e21360,0x00000000ae480000)
 Metaspace       used 88825K, capacity 92744K, committed 93056K, reserved 1130496K
  class space    used 11837K, capacity 12597K, committed 12672K, reserved 1048576K
GC Heap History (10 events):
Event: 12.370 GC heap before
{Heap before GC invocations=13 (full 3):
 PSYoungGen      total 189952K, used 175104K [0x00000000e0000000, 0x00000000ee980000, 0x0000000100000000)
  eden space 175104K, 100% used [0x00000000e0000000,0x00000000eab00000,0x00000000eab00000)
  from space 14848K, 0% used [0x00000000eab00000,0x00000000eab00000,0x00000000eb980000)
  to   space 19968K, 0% used [0x00000000ed600000,0x00000000ed600000,0x00000000ee980000)
 ParOldGen       total 233984K, used 37778K [0x00000000a0000000, 0x00000000ae480000, 0x00000000e0000000)
  object space 233984K, 16% used [0x00000000a0000000,0x00000000a24e4af0,0x00000000ae480000)
 Metaspace       used 62787K, capacity 65044K, committed 65152K, reserved 1105920K
  class space    used 8557K, capacity 9029K, committed 9088K, reserved 1048576K
Event: 12.394 GC heap after
Heap after GC invocations=13 (full 3):
 PSYoungGen      total 216576K, used 19951K [0x00000000e0000000, 0x00000000eef00000, 0x0000000100000000)
  eden space 196608K, 0% used [0x00000000e0000000,0x00000000e0000000,0x00000000ec000000)
  from space 19968K, 99% used [0x00000000ed600000,0x00000000ee97bca0,0x00000000ee980000)
  to   space 22528K, 0% used [0x00000000ec000000,0x00000000ec000000,0x00000000ed600000)
 ParOldGen       total 233984K, used 38155K [0x00000000a0000000, 0x00000000ae480000, 0x00000000e0000000)
  object space 233984K, 16% used [0x00000000a0000000,0x00000000a2542ce8,0x00000000ae480000)
 Metaspace       used 62787K, capacity 65044K, committed 65152K, reserved 1105920K
  class space    used 8557K, capacity 9029K, committed 9088K, reserved 1048576K
}
Event: 19.635 GC heap before
{Heap before GC invocations=14 (full 3):
 PSYoungGen      total 216576K, used 216559K [0x00000000e0000000, 0x00000000eef00000, 0x0000000100000000)
  eden space 196608K, 100% used [0x00000000e0000000,0x00000000ec000000,0x00000000ec000000)
  from space 19968K, 99% used [0x00000000ed600000,0x00000000ee97bca0,0x00000000ee980000)
  to   space 22528K, 0% used [0x00000000ec000000,0x00000000ec000000,0x00000000ed600000)
 ParOldGen       total 233984K, used 38155K [0x00000000a0000000, 0x00000000ae480000, 0x00000000e0000000)
  object space 233984K, 16% used [0x00000000a0000000,0x00000000a2542ce8,0x00000000ae480000)
 Metaspace       used 72083K, capacity 74680K, committed 75008K, reserved 1114112K
  class space    used 9631K, capacity 10188K, committed 10240K, reserved 1048576K
Event: 19.655 GC heap after
Heap after GC invocations=14 (full 3):
 PSYoungGen      total 219136K, used 18413K [0x00000000e0000000, 0x00000000f0500000, 0x0000000100000000)
  eden space 196608K, 0% used [0x00000000e0000000,0x00000000e0000000,0x00000000ec000000)
  from space 22528K, 81% used [0x00000000ec000000,0x00000000ed1fb7e8,0x00000000ed600000)
  to   space 23552K, 0% used [0x00000000eee00000,0x00000000eee00000,0x00000000f0500000)
 ParOldGen       total 233984K, used 47204K [0x00000000a0000000, 0x00000000ae480000, 0x00000000e0000000)
  object space 233984K, 20% used [0x00000000a0000000,0x00000000a2e19360,0x00000000ae480000)
 Metaspace       used 72083K, capacity 74680K, committed 75008K, reserved 1114112K
  class space    used 9631K, capacity 10188K, committed 10240K, reserved 1048576K
}
Event: 28.890 GC heap before
{Heap before GC invocations=15 (full 3):
 PSYoungGen      total 219136K, used 215021K [0x00000000e0000000, 0x00000000f0500000, 0x0000000100000000)
  eden space 196608K, 100% used [0x00000000e0000000,0x00000000ec000000,0x00000000ec000000)
  from space 22528K, 81% used [0x00000000ec000000,0x00000000ed1fb7e8,0x00000000ed600000)
  to   space 23552K, 0% used [0x00000000eee00000,0x00000000eee00000,0x00000000f0500000)
 ParOldGen       total 233984K, used 47204K [0x00000000a0000000, 0x00000000ae480000, 0x00000000e0000000)
  object space 233984K, 20% used [0x00000000a0000000,0x00000000a2e19360,0x00000000ae480000)
 Metaspace       used 78777K, capacity 81640K, committed 81792K, reserved 1120256K
  class space    used 10529K, capacity 11119K, committed 11136K, reserved 1048576K
Event: 28.927 GC heap after
Heap after GC invocations=15 (full 3):
 PSYoungGen      total 240640K, used 23139K [0x00000000e0000000, 0x00000000f0800000, 0x0000000100000000)
  eden space 217088K, 0% used [0x00000000e0000000,0x00000000e0000000,0x00000000ed400000)
  from space 23552K, 98% used [0x00000000eee00000,0x00000000f0498cc8,0x00000000f0500000)
  to   space 26624K, 0% used [0x00000000ed400000,0x00000000ed400000,0x00000000eee00000)
 ParOldGen       total 233984K, used 47212K [0x00000000a0000000, 0x00000000ae480000, 0x00000000e0000000)
  object space 233984K, 20% used [0x00000000a0000000,0x00000000a2e1b360,0x00000000ae480000)
 Metaspace       used 78777K, capacity 81640K, committed 81792K, reserved 1120256K
  class space    used 10529K, capacity 11119K, committed 11136K, reserved 1048576K
}
Event: 36.486 GC heap before
{Heap before GC invocations=16 (full 3):
 PSYoungGen      total 240640K, used 240227K [0x00000000e0000000, 0x00000000f0800000, 0x0000000100000000)
  eden space 217088K, 100% used [0x00000000e0000000,0x00000000ed400000,0x00000000ed400000)
  from space 23552K, 98% used [0x00000000eee00000,0x00000000f0498cc8,0x00000000f0500000)
  to   space 26624K, 0% used [0x00000000ed400000,0x00000000ed400000,0x00000000eee00000)
 ParOldGen       total 233984K, used 47212K [0x00000000a0000000, 0x00000000ae480000, 0x00000000e0000000)
  object space 233984K, 20% used [0x00000000a0000000,0x00000000a2e1b360,0x00000000ae480000)
 Metaspace       used 88220K, capacity 92092K, committed 92288K, reserved 1128448K
  class space    used 11796K, capacity 12553K, committed 12672K, reserved 1048576K
Event: 36.514 GC heap after
Heap after GC invocations=16 (full 3):
 PSYoungGen      total 243712K, used 25344K [0x00000000e0000000, 0x00000000f2180000, 0x0000000100000000)
  eden space 217088K, 0% used [0x00000000e0000000,0x00000000e0000000,0x00000000ed400000)
  from space 26624K, 95% used [0x00000000ed400000,0x00000000eecc0340,0x00000000eee00000)
  to   space 29696K, 0% used [0x00000000f0480000,0x00000000f0480000,0x00000000f2180000)
 ParOldGen       total 233984K, used 47228K [0x00000000a0000000, 0x00000000ae480000, 0x00000000e0000000)
  object space 233984K, 20% used [0x00000000a0000000,0x00000000a2e1f360,0x00000000ae480000)
 Metaspace       used 88220K, capacity 92092K, committed 92288K, reserved 1128448K
  class space    used 11796K, capacity 12553K, committed 12672K, reserved 1048576K
}
Event: 38.192 GC heap before
{Heap before GC invocations=17 (full 3):
 PSYoungGen      total 243712K, used 242432K [0x00000000e0000000, 0x00000000f2180000, 0x0000000100000000)
  eden space 217088K, 100% used [0x00000000e0000000,0x00000000ed400000,0x00000000ed400000)
  from space 26624K, 95% used [0x00000000ed400000,0x00000000eecc0340,0x00000000eee00000)
  to   space 29696K, 0% used [0x00000000f0480000,0x00000000f0480000,0x00000000f2180000)
 ParOldGen       total 233984K, used 47228K [0x00000000a0000000, 0x00000000ae480000, 0x00000000e0000000)
  object space 233984K, 20% used [0x00000000a0000000,0x00000000a2e1f360,0x00000000ae480000)
 Metaspace       used 88628K, capacity 92514K, committed 92800K, reserved 1130496K
  class space    used 11817K, capacity 12590K, committed 12672K, reserved 1048576K
Event: 38.229 GC heap after
Heap after GC invocations=17 (full 3):
 PSYoungGen      total 267264K, used 18551K [0x00000000e0000000, 0x00000000f2800000, 0x0000000100000000)
  eden space 237568K, 0% used [0x00000000e0000000,0x00000000e0000000,0x00000000ee800000)
  from space 29696K, 62% used [0x00000000f0480000,0x00000000f169dd00,0x00000000f2180000)
  to   space 29184K, 0% used [0x00000000ee800000,0x00000000ee800000,0x00000000f0480000)
 ParOldGen       total 233984K, used 47236K [0x00000000a0000000, 0x00000000ae480000, 0x00000000e0000000)
  object space 233984K, 20% used [0x00000000a0000000,0x00000000a2e21360,0x00000000ae480000)
 Metaspace       used 88628K, capacity 92514K, committed 92800K, reserved 1130496K
  class space    used 11817K, capacity 12590K, committed 12672K, reserved 1048576K
}

