# JRE version: OpenJDK Runtime Environment (8.0_212-b04) (build 1.8.0_212-release-1586-b04)
# Java VM: OpenJDK 64-Bit Server VM (25.212-b04 mixed mode windows-amd64 compressed oops)
Heap:
 PSYoungGen      total 209920K, used 59312K [0x00000000e0000000, 0x00000000f0780000, 0x0000000100000000)
  eden space 197120K, 23% used [0x00000000e0000000,0x00000000e2d6c958,0x00000000ec080000)
  from space 12800K, 99% used [0x00000000ed580000,0x00000000ee1ff820,0x00000000ee200000)
  to   space 21504K, 0% used [0x00000000ec080000,0x00000000ec080000,0x00000000ed580000)
 ParOldGen       total 124928K, used 42876K [0x00000000a0000000, 0x00000000a7a00000, 0x00000000e0000000)
  object space 124928K, 34% used [0x00000000a0000000,0x00000000a29df098,0x00000000a7a00000)
 Metaspace       used 67558K, capacity 70074K, committed 70272K, reserved 1110016K
  class space    used 9233K, capacity 9772K, committed 9856K, reserved 1048576K
GC Heap History (10 events):
Event: 5.360 GC heap before
{Heap before GC invocations=9 (full 2):
 PSYoungGen      total 129536K, used 10624K [0x00000000e0000000, 0x00000000ee200000, 0x0000000100000000)
  eden space 117248K, 0% used [0x00000000e0000000,0x00000000e0000000,0x00000000e7280000)
  from space 12288K, 86% used [0x00000000e7280000,0x00000000e7ce02b0,0x00000000e7e80000)
  to   space 12800K, 0% used [0x00000000ed580000,0x00000000ed580000,0x00000000ee200000)
 ParOldGen       total 86528K, used 7581K [0x00000000a0000000, 0x00000000a5480000, 0x00000000e0000000)
  object space 86528K, 8% used [0x00000000a0000000,0x00000000a0767540,0x00000000a5480000)
 Metaspace       used 34647K, capacity 35420K, committed 35456K, reserved 1079296K
  class space    used 4739K, capacity 4957K, committed 4992K, reserved 1048576K
Event: 5.408 GC heap after
Heap after GC invocations=9 (full 2):
 PSYoungGen      total 129536K, used 0K [0x00000000e0000000, 0x00000000ee200000, 0x0000000100000000)
  eden space 117248K, 0% used [0x00000000e0000000,0x00000000e0000000,0x00000000e7280000)
  from space 12288K, 0% used [0x00000000e7280000,0x00000000e7280000,0x00000000e7e80000)
  to   space 12800K, 0% used [0x00000000ed580000,0x00000000ed580000,0x00000000ee200000)
 ParOldGen       total 124928K, used 17452K [0x00000000a0000000, 0x00000000a7a00000, 0x00000000e0000000)
  object space 124928K, 13% used [0x00000000a0000000,0x00000000a110b1b0,0x00000000a7a00000)
 Metaspace       used 34647K, capacity 35420K, committed 35456K, reserved 1079296K
  class space    used 4739K, capacity 4957K, committed 4992K, reserved 1048576K
}
Event: 6.646 GC heap before
{Heap before GC invocations=10 (full 2):
 PSYoungGen      total 129536K, used 117248K [0x00000000e0000000, 0x00000000ee200000, 0x0000000100000000)
  eden space 117248K, 100% used [0x00000000e0000000,0x00000000e7280000,0x00000000e7280000)
  from space 12288K, 0% used [0x00000000e7280000,0x00000000e7280000,0x00000000e7e80000)
  to   space 12800K, 0% used [0x00000000ed580000,0x00000000ed580000,0x00000000ee200000)
 ParOldGen       total 124928K, used 17452K [0x00000000a0000000, 0x00000000a7a00000, 0x00000000e0000000)
  object space 124928K, 13% used [0x00000000a0000000,0x00000000a110b1b0,0x00000000a7a00000)
 Metaspace       used 45467K, capacity 46578K, committed 46848K, reserved 1089536K
  class space    used 6091K, capacity 6383K, committed 6400K, reserved 1048576K
Event: 6.662 GC heap after
Heap after GC invocations=10 (full 2):
 PSYoungGen      total 199680K, used 12792K [0x00000000e0000000, 0x00000000ee200000, 0x0000000100000000)
  eden space 186880K, 0% used [0x00000000e0000000,0x00000000e0000000,0x00000000eb680000)
  from space 12800K, 99% used [0x00000000ed580000,0x00000000ee1fe3c0,0x00000000ee200000)
  to   space 14848K, 0% used [0x00000000ec500000,0x00000000ec500000,0x00000000ed380000)
 ParOldGen       total 124928K, used 19140K [0x00000000a0000000, 0x00000000a7a00000, 0x00000000e0000000)
  object space 124928K, 15% used [0x00000000a0000000,0x00000000a12b1220,0x00000000a7a00000)
 Metaspace       used 45467K, capacity 46578K, committed 46848K, reserved 1089536K
  class space    used 6091K, capacity 6383K, committed 6400K, reserved 1048576K
}
Event: 8.482 GC heap before
{Heap before GC invocations=11 (full 2):
 PSYoungGen      total 199680K, used 158499K [0x00000000e0000000, 0x00000000ee200000, 0x0000000100000000)
  eden space 186880K, 77% used [0x00000000e0000000,0x00000000e8e4ab30,0x00000000eb680000)
  from space 12800K, 99% used [0x00000000ed580000,0x00000000ee1fe3c0,0x00000000ee200000)
  to   space 14848K, 0% used [0x00000000ec500000,0x00000000ec500000,0x00000000ed380000)
 ParOldGen       total 124928K, used 19140K [0x00000000a0000000, 0x00000000a7a00000, 0x00000000e0000000)
  object space 124928K, 15% used [0x00000000a0000000,0x00000000a12b1220,0x00000000a7a00000)
 Metaspace       used 57233K, capacity 58980K, committed 59096K, reserved 1099776K
  class space    used 7826K, capacity 8223K, committed 8320K, reserved 1048576K
Event: 8.508 GC heap after
Heap after GC invocations=11 (full 2):
 PSYoungGen      total 201728K, used 14843K [0x00000000e0000000, 0x00000000ee200000, 0x0000000100000000)
  eden space 186880K, 0% used [0x00000000e0000000,0x00000000e0000000,0x00000000eb680000)
  from space 14848K, 99% used [0x00000000ec500000,0x00000000ed37efa0,0x00000000ed380000)
  to   space 12800K, 0% used [0x00000000ed580000,0x00000000ed580000,0x00000000ee200000)
 ParOldGen       total 124928K, used 26986K [0x00000000a0000000, 0x00000000a7a00000, 0x00000000e0000000)
  object space 124928K, 21% used [0x00000000a0000000,0x00000000a1a5a9f0,0x00000000a7a00000)
 Metaspace       used 57233K, capacity 58980K, committed 59096K, reserved 1099776K
  class space    used 7826K, capacity 8223K, committed 8320K, reserved 1048576K
}
Event: 8.508 GC heap before
{Heap before GC invocations=12 (full 3):
 PSYoungGen      total 201728K, used 14843K [0x00000000e0000000, 0x00000000ee200000, 0x0000000100000000)
  eden space 186880K, 0% used [0x00000000e0000000,0x00000000e0000000,0x00000000eb680000)
  from space 14848K, 99% used [0x00000000ec500000,0x00000000ed37efa0,0x00000000ed380000)
  to   space 12800K, 0% used [0x00000000ed580000,0x00000000ed580000,0x00000000ee200000)
 ParOldGen       total 124928K, used 26986K [0x00000000a0000000, 0x00000000a7a00000, 0x00000000e0000000)
  object space 124928K, 21% used [0x00000000a0000000,0x00000000a1a5a9f0,0x00000000a7a00000)
 Metaspace       used 57233K, capacity 58980K, committed 59096K, reserved 1099776K
  class space    used 7826K, capacity 8223K, committed 8320K, reserved 1048576K
Event: 8.719 GC heap after
Heap after GC invocations=12 (full 3):
 PSYoungGen      total 201728K, used 0K [0x00000000e0000000, 0x00000000ee200000, 0x0000000100000000)
  eden space 186880K, 0% used [0x00000000e0000000,0x00000000e0000000,0x00000000eb680000)
  from space 14848K, 0% used [0x00000000ec500000,0x00000000ec500000,0x00000000ed380000)
  to   space 12800K, 0% used [0x00000000ed580000,0x00000000ed580000,0x00000000ee200000)
 ParOldGen       total 124928K, used 36955K [0x00000000a0000000, 0x00000000a7a00000, 0x00000000e0000000)
  object space 124928K, 29% used [0x00000000a0000000,0x00000000a2416da0,0x00000000a7a00000)
 Metaspace       used 57233K, capacity 58980K, committed 59096K, reserved 1099776K
  class space    used 7826K, capacity 8223K, committed 8320K, reserved 1048576K
}
Event: 11.047 GC heap before
{Heap before GC invocations=13 (full 3):
 PSYoungGen      total 201728K, used 186880K [0x00000000e0000000, 0x00000000ee200000, 0x0000000100000000)
  eden space 186880K, 100% used [0x00000000e0000000,0x00000000eb680000,0x00000000eb680000)
  from space 14848K, 0% used [0x00000000ec500000,0x00000000ec500000,0x00000000ed380000)
  to   space 12800K, 0% used [0x00000000ed580000,0x00000000ed580000,0x00000000ee200000)
 ParOldGen       total 124928K, used 36955K [0x00000000a0000000, 0x00000000a7a00000, 0x00000000e0000000)
  object space 124928K, 29% used [0x00000000a0000000,0x00000000a2416da0,0x00000000a7a00000)
 Metaspace       used 65020K, capacity 67158K, committed 67328K, reserved 1107968K
  class space    used 8882K, capacity 9372K, committed 9472K, reserved 1048576K
Event: 11.064 GC heap after
Heap after GC invocations=13 (full 3):
 PSYoungGen      total 209920K, used 12798K [0x00000000e0000000, 0x00000000f0780000, 0x0000000100000000)
  eden space 197120K, 0% used [0x00000000e0000000,0x00000000e0000000,0x00000000ec080000)
  from space 12800K, 99% used [0x00000000ed580000,0x00000000ee1ff820,0x00000000ee200000)
  to   space 21504K, 0% used [0x00000000ec080000,0x00000000ec080000,0x00000000ed580000)
 ParOldGen       total 124928K, used 42876K [0x00000000a0000000, 0x00000000a7a00000, 0x00000000e0000000)
  object space 124928K, 34% used [0x00000000a0000000,0x00000000a29df098,0x00000000a7a00000)
 Metaspace       used 65020K, capacity 67158K, committed 67328K, reserved 1107968K
  class space    used 8882K, capacity 9372K, committed 9472K, reserved 1048576K
}

