# JRE version: OpenJDK Runtime Environment (8.0_212-b04) (build 1.8.0_212-release-1586-b04)
# Java VM: OpenJDK 64-Bit Server VM (25.212-b04 mixed mode windows-amd64 compressed oops)
Heap:
 PSYoungGen      total 298496K, used 64672K [0x00000000e0000000, 0x00000000f7500000, 0x0000000100000000)
  eden space 275968K, 18% used [0x00000000e0000000,0x00000000e313e7e8,0x00000000f0d80000)
  from space 22528K, 63% used [0x00000000f0d80000,0x00000000f1b69bf0,0x00000000f2380000)
  to   space 22016K, 0% used [0x00000000f5f80000,0x00000000f5f80000,0x00000000f7500000)
 ParOldGen       total 169472K, used 50146K [0x00000000a0000000, 0x00000000aa580000, 0x00000000e0000000)
  object space 169472K, 29% used [0x00000000a0000000,0x00000000a30f8ab0,0x00000000aa580000)
 Metaspace       used 73727K, capacity 76472K, committed 76672K, reserved 1116160K
  class space    used 10015K, capacity 10551K, committed 10624K, reserved 1048576K
GC Heap History (10 events):
Event: 8.340 GC heap before
{Heap before GC invocations=10 (full 2):
 PSYoungGen      total 133632K, used 121344K [0x00000000e0000000, 0x00000000ef780000, 0x0000000100000000)
  eden space 121344K, 100% used [0x00000000e0000000,0x00000000e7680000,0x00000000e7680000)
  from space 12288K, 0% used [0x00000000e7680000,0x00000000e7680000,0x00000000e8280000)
  to   space 12800K, 0% used [0x00000000eeb00000,0x00000000eeb00000,0x00000000ef780000)
 ParOldGen       total 114688K, used 17358K [0x00000000a0000000, 0x00000000a7000000, 0x00000000e0000000)
  object space 114688K, 15% used [0x00000000a0000000,0x00000000a10f3a98,0x00000000a7000000)
 Metaspace       used 45727K, capacity 46930K, committed 47232K, reserved 1089536K
  class space    used 6136K, capacity 6433K, committed 6528K, reserved 1048576K
Event: 8.352 GC heap after
Heap after GC invocations=10 (full 2):
 PSYoungGen      total 214016K, used 12792K [0x00000000e0000000, 0x00000000ef780000, 0x0000000100000000)
  eden space 201216K, 0% used [0x00000000e0000000,0x00000000e0000000,0x00000000ec480000)
  from space 12800K, 99% used [0x00000000eeb00000,0x00000000ef77e1f8,0x00000000ef780000)
  to   space 14848K, 0% used [0x00000000eda80000,0x00000000eda80000,0x00000000ee900000)
 ParOldGen       total 114688K, used 19820K [0x00000000a0000000, 0x00000000a7000000, 0x00000000e0000000)
  object space 114688K, 17% used [0x00000000a0000000,0x00000000a135b050,0x00000000a7000000)
 Metaspace       used 45727K, capacity 46930K, committed 47232K, reserved 1089536K
  class space    used 6136K, capacity 6433K, committed 6528K, reserved 1048576K
}
Event: 9.896 GC heap before
{Heap before GC invocations=11 (full 2):
 PSYoungGen      total 214016K, used 157870K [0x00000000e0000000, 0x00000000ef780000, 0x0000000100000000)
  eden space 201216K, 72% used [0x00000000e0000000,0x00000000e8dad7d8,0x00000000ec480000)
  from space 12800K, 99% used [0x00000000eeb00000,0x00000000ef77e1f8,0x00000000ef780000)
  to   space 14848K, 0% used [0x00000000eda80000,0x00000000eda80000,0x00000000ee900000)
 ParOldGen       total 114688K, used 19820K [0x00000000a0000000, 0x00000000a7000000, 0x00000000e0000000)
  object space 114688K, 17% used [0x00000000a0000000,0x00000000a135b050,0x00000000a7000000)
 Metaspace       used 57220K, capacity 58992K, committed 59096K, reserved 1099776K
  class space    used 7836K, capacity 8263K, committed 8320K, reserved 1048576K
Event: 9.929 GC heap after
Heap after GC invocations=11 (full 2):
 PSYoungGen      total 238592K, used 14836K [0x00000000e0000000, 0x00000000f3700000, 0x0000000100000000)
  eden space 223744K, 0% used [0x00000000e0000000,0x00000000e0000000,0x00000000eda80000)
  from space 14848K, 99% used [0x00000000eda80000,0x00000000ee8fd320,0x00000000ee900000)
  to   space 19968K, 0% used [0x00000000f2380000,0x00000000f2380000,0x00000000f3700000)
 ParOldGen       total 114688K, used 27858K [0x00000000a0000000, 0x00000000a7000000, 0x00000000e0000000)
  object space 114688K, 24% used [0x00000000a0000000,0x00000000a1b34910,0x00000000a7000000)
 Metaspace       used 57220K, capacity 58992K, committed 59096K, reserved 1099776K
  class space    used 7836K, capacity 8263K, committed 8320K, reserved 1048576K
}
Event: 9.929 GC heap before
{Heap before GC invocations=12 (full 3):
 PSYoungGen      total 238592K, used 14836K [0x00000000e0000000, 0x00000000f3700000, 0x0000000100000000)
  eden space 223744K, 0% used [0x00000000e0000000,0x00000000e0000000,0x00000000eda80000)
  from space 14848K, 99% used [0x00000000eda80000,0x00000000ee8fd320,0x00000000ee900000)
  to   space 19968K, 0% used [0x00000000f2380000,0x00000000f2380000,0x00000000f3700000)
 ParOldGen       total 114688K, used 27858K [0x00000000a0000000, 0x00000000a7000000, 0x00000000e0000000)
  object space 114688K, 24% used [0x00000000a0000000,0x00000000a1b34910,0x00000000a7000000)
 Metaspace       used 57220K, capacity 58992K, committed 59096K, reserved 1099776K
  class space    used 7836K, capacity 8263K, committed 8320K, reserved 1048576K
Event: 10.146 GC heap after
Heap after GC invocations=12 (full 3):
 PSYoungGen      total 238592K, used 0K [0x00000000e0000000, 0x00000000f3700000, 0x0000000100000000)
  eden space 223744K, 0% used [0x00000000e0000000,0x00000000e0000000,0x00000000eda80000)
  from space 14848K, 0% used [0x00000000eda80000,0x00000000eda80000,0x00000000ee900000)
  to   space 19968K, 0% used [0x00000000f2380000,0x00000000f2380000,0x00000000f3700000)
 ParOldGen       total 169472K, used 37146K [0x00000000a0000000, 0x00000000aa580000, 0x00000000e0000000)
  object space 169472K, 21% used [0x00000000a0000000,0x00000000a2446980,0x00000000aa580000)
 Metaspace       used 57220K, capacity 58992K, committed 59096K, reserved 1099776K
  class space    used 7836K, capacity 8263K, committed 8320K, reserved 1048576K
}
Event: 12.550 GC heap before
{Heap before GC invocations=13 (full 3):
 PSYoungGen      total 238592K, used 223744K [0x00000000e0000000, 0x00000000f3700000, 0x0000000100000000)
  eden space 223744K, 100% used [0x00000000e0000000,0x00000000eda80000,0x00000000eda80000)
  from space 14848K, 0% used [0x00000000eda80000,0x00000000eda80000,0x00000000ee900000)
  to   space 19968K, 0% used [0x00000000f2380000,0x00000000f2380000,0x00000000f3700000)
 ParOldGen       total 169472K, used 37146K [0x00000000a0000000, 0x00000000aa580000, 0x00000000e0000000)
  object space 169472K, 21% used [0x00000000a0000000,0x00000000a2446980,0x00000000aa580000)
 Metaspace       used 65802K, capacity 68182K, committed 68352K, reserved 1107968K
  class space    used 8971K, capacity 9460K, committed 9472K, reserved 1048576K
Event: 12.572 GC heap after
Heap after GC invocations=13 (full 3):
 PSYoungGen      total 295936K, used 19953K [0x00000000e0000000, 0x00000000f3d80000, 0x0000000100000000)
  eden space 275968K, 0% used [0x00000000e0000000,0x00000000e0000000,0x00000000f0d80000)
  from space 19968K, 99% used [0x00000000f2380000,0x00000000f36fc560,0x00000000f3700000)
  to   space 22528K, 0% used [0x00000000f0d80000,0x00000000f0d80000,0x00000000f2380000)
 ParOldGen       total 169472K, used 37574K [0x00000000a0000000, 0x00000000aa580000, 0x00000000e0000000)
  object space 169472K, 22% used [0x00000000a0000000,0x00000000a24b1b48,0x00000000aa580000)
 Metaspace       used 65802K, capacity 68182K, committed 68352K, reserved 1107968K
  class space    used 8971K, capacity 9460K, committed 9472K, reserved 1048576K
}
Event: 16.611 GC heap before
{Heap before GC invocations=14 (full 3):
 PSYoungGen      total 295936K, used 295921K [0x00000000e0000000, 0x00000000f3d80000, 0x0000000100000000)
  eden space 275968K, 100% used [0x00000000e0000000,0x00000000f0d80000,0x00000000f0d80000)
  from space 19968K, 99% used [0x00000000f2380000,0x00000000f36fc560,0x00000000f3700000)
  to   space 22528K, 0% used [0x00000000f0d80000,0x00000000f0d80000,0x00000000f2380000)
 ParOldGen       total 169472K, used 37574K [0x00000000a0000000, 0x00000000aa580000, 0x00000000e0000000)
  object space 169472K, 22% used [0x00000000a0000000,0x00000000a24b1b48,0x00000000aa580000)
 Metaspace       used 72914K, capacity 75582K, committed 75776K, reserved 1114112K
  class space    used 9906K, capacity 10426K, committed 10496K, reserved 1048576K
Event: 16.645 GC heap after
Heap after GC invocations=14 (full 3):
 PSYoungGen      total 298496K, used 14246K [0x00000000e0000000, 0x00000000f7500000, 0x0000000100000000)
  eden space 275968K, 0% used [0x00000000e0000000,0x00000000e0000000,0x00000000f0d80000)
  from space 22528K, 63% used [0x00000000f0d80000,0x00000000f1b69bf0,0x00000000f2380000)
  to   space 22016K, 0% used [0x00000000f5f80000,0x00000000f5f80000,0x00000000f7500000)
 ParOldGen       total 169472K, used 50146K [0x00000000a0000000, 0x00000000aa580000, 0x00000000e0000000)
  object space 169472K, 29% used [0x00000000a0000000,0x00000000a30f8ab0,0x00000000aa580000)
 Metaspace       used 72914K, capacity 75582K, committed 75776K, reserved 1114112K
  class space    used 9906K, capacity 10426K, committed 10496K, reserved 1048576K
}

