# JRE version: OpenJDK Runtime Environment (8.0_212-b04) (build 1.8.0_212-release-1586-b04)
# Java VM: OpenJDK 64-Bit Server VM (25.212-b04 mixed mode windows-amd64 compressed oops)
Heap:
 PSYoungGen      total 281088K, used 188441K [0x00000000e0000000, 0x00000000f2e80000, 0x0000000100000000)
  eden space 257024K, 65% used [0x00000000e0000000,0x00000000ea4a7990,0x00000000efb00000)
  from space 24064K, 82% used [0x00000000f1400000,0x00000000f275eda0,0x00000000f2b80000)
  to   space 25600K, 0% used [0x00000000efb00000,0x00000000efb00000,0x00000000f1400000)
 ParOldGen       total 198656K, used 46286K [0x00000000a0000000, 0x00000000ac200000, 0x00000000e0000000)
  object space 198656K, 23% used [0x00000000a0000000,0x00000000a2d339b0,0x00000000ac200000)
 Metaspace       used 79672K, capacity 82672K, committed 82904K, reserved 1122304K
  class space    used 10292K, capacity 10936K, committed 11008K, reserved 1048576K
GC Heap History (10 events):
Event: 8.523 GC heap before
{Heap before GC invocations=11 (full 2):
 PSYoungGen      total 192000K, used 161488K [0x00000000e0000000, 0x00000000ed980000, 0x0000000100000000)
  eden space 179200K, 82% used [0x00000000e0000000,0x00000000e913a010,0x00000000eaf00000)
  from space 12800K, 99% used [0x00000000ecd00000,0x00000000ed97a290,0x00000000ed980000)
  to   space 14848K, 0% used [0x00000000ebc80000,0x00000000ebc80000,0x00000000ecb00000)
 ParOldGen       total 128512K, used 19661K [0x00000000a0000000, 0x00000000a7d80000, 0x00000000e0000000)
  object space 128512K, 15% used [0x00000000a0000000,0x00000000a13337b0,0x00000000a7d80000)
 Metaspace       used 57154K, capacity 58952K, committed 59096K, reserved 1099776K
  class space    used 7813K, capacity 8191K, committed 8192K, reserved 1048576K
Event: 8.547 GC heap after
Heap after GC invocations=11 (full 2):
 PSYoungGen      total 207872K, used 14828K [0x00000000e0000000, 0x00000000f0e00000, 0x0000000100000000)
  eden space 193024K, 0% used [0x00000000e0000000,0x00000000e0000000,0x00000000ebc80000)
  from space 14848K, 99% used [0x00000000ebc80000,0x00000000ecafb350,0x00000000ecb00000)
  to   space 19968K, 0% used [0x00000000efa80000,0x00000000efa80000,0x00000000f0e00000)
 ParOldGen       total 128512K, used 28104K [0x00000000a0000000, 0x00000000a7d80000, 0x00000000e0000000)
  object space 128512K, 21% used [0x00000000a0000000,0x00000000a1b72050,0x00000000a7d80000)
 Metaspace       used 57154K, capacity 58952K, committed 59096K, reserved 1099776K
  class space    used 7813K, capacity 8191K, committed 8192K, reserved 1048576K
}
Event: 8.547 GC heap before
{Heap before GC invocations=12 (full 3):
 PSYoungGen      total 207872K, used 14828K [0x00000000e0000000, 0x00000000f0e00000, 0x0000000100000000)
  eden space 193024K, 0% used [0x00000000e0000000,0x00000000e0000000,0x00000000ebc80000)
  from space 14848K, 99% used [0x00000000ebc80000,0x00000000ecafb350,0x00000000ecb00000)
  to   space 19968K, 0% used [0x00000000efa80000,0x00000000efa80000,0x00000000f0e00000)
 ParOldGen       total 128512K, used 28104K [0x00000000a0000000, 0x00000000a7d80000, 0x00000000e0000000)
  object space 128512K, 21% used [0x00000000a0000000,0x00000000a1b72050,0x00000000a7d80000)
 Metaspace       used 57154K, capacity 58952K, committed 59096K, reserved 1099776K
  class space    used 7813K, capacity 8191K, committed 8192K, reserved 1048576K
Event: 8.865 GC heap after
Heap after GC invocations=12 (full 3):
 PSYoungGen      total 207872K, used 0K [0x00000000e0000000, 0x00000000f0e00000, 0x0000000100000000)
  eden space 193024K, 0% used [0x00000000e0000000,0x00000000e0000000,0x00000000ebc80000)
  from space 14848K, 0% used [0x00000000ebc80000,0x00000000ebc80000,0x00000000ecb00000)
  to   space 19968K, 0% used [0x00000000efa80000,0x00000000efa80000,0x00000000f0e00000)
 ParOldGen       total 198656K, used 37290K [0x00000000a0000000, 0x00000000ac200000, 0x00000000e0000000)
  object space 198656K, 18% used [0x00000000a0000000,0x00000000a246aaf0,0x00000000ac200000)
 Metaspace       used 57154K, capacity 58952K, committed 59096K, reserved 1099776K
  class space    used 7813K, capacity 8191K, committed 8192K, reserved 1048576K
}
Event: 12.320 GC heap before
{Heap before GC invocations=13 (full 3):
 PSYoungGen      total 207872K, used 193024K [0x00000000e0000000, 0x00000000f0e00000, 0x0000000100000000)
  eden space 193024K, 100% used [0x00000000e0000000,0x00000000ebc80000,0x00000000ebc80000)
  from space 14848K, 0% used [0x00000000ebc80000,0x00000000ebc80000,0x00000000ecb00000)
  to   space 19968K, 0% used [0x00000000efa80000,0x00000000efa80000,0x00000000f0e00000)
 ParOldGen       total 198656K, used 37290K [0x00000000a0000000, 0x00000000ac200000, 0x00000000e0000000)
  object space 198656K, 18% used [0x00000000a0000000,0x00000000a246aaf0,0x00000000ac200000)
 Metaspace       used 62796K, capacity 65128K, committed 65368K, reserved 1105920K
  class space    used 8557K, capacity 9029K, committed 9088K, reserved 1048576K
Event: 12.354 GC heap after
Heap after GC invocations=13 (full 3):
 PSYoungGen      total 245760K, used 19964K [0x00000000e0000000, 0x00000000f0e00000, 0x0000000100000000)
  eden space 225792K, 0% used [0x00000000e0000000,0x00000000e0000000,0x00000000edc80000)
  from space 19968K, 99% used [0x00000000efa80000,0x00000000f0dff3b8,0x00000000f0e00000)
  to   space 22528K, 0% used [0x00000000ee200000,0x00000000ee200000,0x00000000ef800000)
 ParOldGen       total 198656K, used 37854K [0x00000000a0000000, 0x00000000ac200000, 0x00000000e0000000)
  object space 198656K, 19% used [0x00000000a0000000,0x00000000a24f7a70,0x00000000ac200000)
 Metaspace       used 62796K, capacity 65128K, committed 65368K, reserved 1105920K
  class space    used 8557K, capacity 9029K, committed 9088K, reserved 1048576K
}
Event: 18.736 GC heap before
{Heap before GC invocations=14 (full 3):
 PSYoungGen      total 245760K, used 245756K [0x00000000e0000000, 0x00000000f0e00000, 0x0000000100000000)
  eden space 225792K, 100% used [0x00000000e0000000,0x00000000edc80000,0x00000000edc80000)
  from space 19968K, 99% used [0x00000000efa80000,0x00000000f0dff3b8,0x00000000f0e00000)
  to   space 22528K, 0% used [0x00000000ee200000,0x00000000ee200000,0x00000000ef800000)
 ParOldGen       total 198656K, used 37854K [0x00000000a0000000, 0x00000000ac200000, 0x00000000e0000000)
  object space 198656K, 19% used [0x00000000a0000000,0x00000000a24f7a70,0x00000000ac200000)
 Metaspace       used 75070K, capacity 77770K, committed 77912K, reserved 1116160K
  class space    used 9955K, capacity 10535K, committed 10624K, reserved 1048576K
Event: 18.764 GC heap after
Heap after GC invocations=14 (full 3):
 PSYoungGen      total 253952K, used 19052K [0x00000000e0000000, 0x00000000f2b80000, 0x0000000100000000)
  eden space 231424K, 0% used [0x00000000e0000000,0x00000000e0000000,0x00000000ee200000)
  from space 22528K, 84% used [0x00000000ee200000,0x00000000ef49b338,0x00000000ef800000)
  to   space 24064K, 0% used [0x00000000f1400000,0x00000000f1400000,0x00000000f2b80000)
 ParOldGen       total 198656K, used 46270K [0x00000000a0000000, 0x00000000ac200000, 0x00000000e0000000)
  object space 198656K, 23% used [0x00000000a0000000,0x00000000a2d2f9b0,0x00000000ac200000)
 Metaspace       used 75070K, capacity 77770K, committed 77912K, reserved 1116160K
  class space    used 9955K, capacity 10535K, committed 10624K, reserved 1048576K
}
Event: 119.114 GC heap before
{Heap before GC invocations=15 (full 3):
 PSYoungGen      total 253952K, used 250476K [0x00000000e0000000, 0x00000000f2b80000, 0x0000000100000000)
  eden space 231424K, 100% used [0x00000000e0000000,0x00000000ee200000,0x00000000ee200000)
  from space 22528K, 84% used [0x00000000ee200000,0x00000000ef49b338,0x00000000ef800000)
  to   space 24064K, 0% used [0x00000000f1400000,0x00000000f1400000,0x00000000f2b80000)
 ParOldGen       total 198656K, used 46270K [0x00000000a0000000, 0x00000000ac200000, 0x00000000e0000000)
  object space 198656K, 23% used [0x00000000a0000000,0x00000000a2d2f9b0,0x00000000ac200000)
 Metaspace       used 79200K, capacity 82184K, committed 82392K, reserved 1120256K
  class space    used 10249K, capacity 10890K, committed 11008K, reserved 1048576K
Event: 119.130 GC heap after
Heap after GC invocations=15 (full 3):
 PSYoungGen      total 281088K, used 19835K [0x00000000e0000000, 0x00000000f2e80000, 0x0000000100000000)
  eden space 257024K, 0% used [0x00000000e0000000,0x00000000e0000000,0x00000000efb00000)
  from space 24064K, 82% used [0x00000000f1400000,0x00000000f275eda0,0x00000000f2b80000)
  to   space 25600K, 0% used [0x00000000efb00000,0x00000000efb00000,0x00000000f1400000)
 ParOldGen       total 198656K, used 46286K [0x00000000a0000000, 0x00000000ac200000, 0x00000000e0000000)
  object space 198656K, 23% used [0x00000000a0000000,0x00000000a2d339b0,0x00000000ac200000)
 Metaspace       used 79200K, capacity 82184K, committed 82392K, reserved 1120256K
  class space    used 10249K, capacity 10890K, committed 11008K, reserved 1048576K
}

