# JRE version: OpenJDK Runtime Environment (8.0_212-b04) (build 1.8.0_212-release-1586-b04)
# Java VM: OpenJDK 64-Bit Server VM (25.212-b04 mixed mode windows-amd64 compressed oops)
Heap:
 PSYoungGen      total 264192K, used 71420K [0x00000000e0000000, 0x00000000f2600000, 0x0000000100000000)
  eden space 244736K, 21% used [0x00000000e0000000,0x00000000e32c11a0,0x00000000eef00000)
  from space 19456K, 99% used [0x00000000f0580000,0x00000000f187e100,0x00000000f1880000)
  to   space 23040K, 0% used [0x00000000eef00000,0x00000000eef00000,0x00000000f0580000)
 ParOldGen       total 181248K, used 40233K [0x00000000a0000000, 0x00000000ab100000, 0x00000000e0000000)
  object space 181248K, 22% used [0x00000000a0000000,0x00000000a274a6c8,0x00000000ab100000)
 Metaspace       used 65737K, capacity 68000K, committed 68352K, reserved 1107968K
  class space    used 8847K, capacity 9373K, committed 9472K, reserved 1048576K
GC Heap History (10 events):
Event: 5.627 GC heap before
{Heap before GC invocations=9 (full 2):
 PSYoungGen      total 131072K, used 10708K [0x00000000e0000000, 0x00000000ee800000, 0x0000000100000000)
  eden space 118784K, 0% used [0x00000000e0000000,0x00000000e0000000,0x00000000e7400000)
  from space 12288K, 87% used [0x00000000e7400000,0x00000000e7e75330,0x00000000e8000000)
  to   space 12800K, 0% used [0x00000000edb80000,0x00000000edb80000,0x00000000ee800000)
 ParOldGen       total 83968K, used 7508K [0x00000000a0000000, 0x00000000a5200000, 0x00000000e0000000)
  object space 83968K, 8% used [0x00000000a0000000,0x00000000a0755090,0x00000000a5200000)
 Metaspace       used 34628K, capacity 35432K, committed 35496K, reserved 1079296K
  class space    used 4737K, capacity 4961K, committed 4992K, reserved 1048576K
Event: 5.680 GC heap after
Heap after GC invocations=9 (full 2):
 PSYoungGen      total 131072K, used 0K [0x00000000e0000000, 0x00000000ee800000, 0x0000000100000000)
  eden space 118784K, 0% used [0x00000000e0000000,0x00000000e0000000,0x00000000e7400000)
  from space 12288K, 0% used [0x00000000e7400000,0x00000000e7400000,0x00000000e8000000)
  to   space 12800K, 0% used [0x00000000edb80000,0x00000000edb80000,0x00000000ee800000)
 ParOldGen       total 122368K, used 17441K [0x00000000a0000000, 0x00000000a7780000, 0x00000000e0000000)
  object space 122368K, 14% used [0x00000000a0000000,0x00000000a1108708,0x00000000a7780000)
 Metaspace       used 34621K, capacity 35408K, committed 35496K, reserved 1079296K
  class space    used 4735K, capacity 4957K, committed 4992K, reserved 1048576K
}
Event: 7.334 GC heap before
{Heap before GC invocations=10 (full 2):
 PSYoungGen      total 131072K, used 118784K [0x00000000e0000000, 0x00000000ee800000, 0x0000000100000000)
  eden space 118784K, 100% used [0x00000000e0000000,0x00000000e7400000,0x00000000e7400000)
  from space 12288K, 0% used [0x00000000e7400000,0x00000000e7400000,0x00000000e8000000)
  to   space 12800K, 0% used [0x00000000edb80000,0x00000000edb80000,0x00000000ee800000)
 ParOldGen       total 122368K, used 17441K [0x00000000a0000000, 0x00000000a7780000, 0x00000000e0000000)
  object space 122368K, 14% used [0x00000000a0000000,0x00000000a1108708,0x00000000a7780000)
 Metaspace       used 45565K, capacity 46778K, committed 46848K, reserved 1089536K
  class space    used 6101K, capacity 6387K, committed 6400K, reserved 1048576K
Event: 7.351 GC heap after
Heap after GC invocations=10 (full 2):
 PSYoungGen      total 200192K, used 12799K [0x00000000e0000000, 0x00000000ee800000, 0x0000000100000000)
  eden space 187392K, 0% used [0x00000000e0000000,0x00000000e0000000,0x00000000eb700000)
  from space 12800K, 99% used [0x00000000edb80000,0x00000000ee7ffee8,0x00000000ee800000)
  to   space 14848K, 0% used [0x00000000ecb00000,0x00000000ecb00000,0x00000000ed980000)
 ParOldGen       total 122368K, used 19325K [0x00000000a0000000, 0x00000000a7780000, 0x00000000e0000000)
  object space 122368K, 15% used [0x00000000a0000000,0x00000000a12df698,0x00000000a7780000)
 Metaspace       used 45565K, capacity 46778K, committed 46848K, reserved 1089536K
  class space    used 6101K, capacity 6387K, committed 6400K, reserved 1048576K
}
Event: 9.673 GC heap before
{Heap before GC invocations=11 (full 2):
 PSYoungGen      total 200192K, used 159020K [0x00000000e0000000, 0x00000000ee800000, 0x0000000100000000)
  eden space 187392K, 78% used [0x00000000e0000000,0x00000000e8ecb3d0,0x00000000eb700000)
  from space 12800K, 99% used [0x00000000edb80000,0x00000000ee7ffee8,0x00000000ee800000)
  to   space 14848K, 0% used [0x00000000ecb00000,0x00000000ecb00000,0x00000000ed980000)
 ParOldGen       total 122368K, used 19325K [0x00000000a0000000, 0x00000000a7780000, 0x00000000e0000000)
  object space 122368K, 15% used [0x00000000a0000000,0x00000000a12df698,0x00000000a7780000)
 Metaspace       used 57288K, capacity 59044K, committed 59160K, reserved 1099776K
  class space    used 7833K, capacity 8225K, committed 8320K, reserved 1048576K
Event: 9.700 GC heap after
Heap after GC invocations=11 (full 2):
 PSYoungGen      total 222720K, used 14818K [0x00000000e0000000, 0x00000000f1880000, 0x0000000100000000)
  eden space 207872K, 0% used [0x00000000e0000000,0x00000000e0000000,0x00000000ecb00000)
  from space 14848K, 99% used [0x00000000ecb00000,0x00000000ed978ac8,0x00000000ed980000)
  to   space 19456K, 0% used [0x00000000f0580000,0x00000000f0580000,0x00000000f1880000)
 ParOldGen       total 122368K, used 27248K [0x00000000a0000000, 0x00000000a7780000, 0x00000000e0000000)
  object space 122368K, 22% used [0x00000000a0000000,0x00000000a1a9c298,0x00000000a7780000)
 Metaspace       used 57288K, capacity 59044K, committed 59160K, reserved 1099776K
  class space    used 7833K, capacity 8225K, committed 8320K, reserved 1048576K
}
Event: 9.700 GC heap before
{Heap before GC invocations=12 (full 3):
 PSYoungGen      total 222720K, used 14818K [0x00000000e0000000, 0x00000000f1880000, 0x0000000100000000)
  eden space 207872K, 0% used [0x00000000e0000000,0x00000000e0000000,0x00000000ecb00000)
  from space 14848K, 99% used [0x00000000ecb00000,0x00000000ed978ac8,0x00000000ed980000)
  to   space 19456K, 0% used [0x00000000f0580000,0x00000000f0580000,0x00000000f1880000)
 ParOldGen       total 122368K, used 27248K [0x00000000a0000000, 0x00000000a7780000, 0x00000000e0000000)
  object space 122368K, 22% used [0x00000000a0000000,0x00000000a1a9c298,0x00000000a7780000)
 Metaspace       used 57288K, capacity 59044K, committed 59160K, reserved 1099776K
  class space    used 7833K, capacity 8225K, committed 8320K, reserved 1048576K
Event: 9.908 GC heap after
Heap after GC invocations=12 (full 3):
 PSYoungGen      total 222720K, used 0K [0x00000000e0000000, 0x00000000f1880000, 0x0000000100000000)
  eden space 207872K, 0% used [0x00000000e0000000,0x00000000e0000000,0x00000000ecb00000)
  from space 14848K, 0% used [0x00000000ecb00000,0x00000000ecb00000,0x00000000ed980000)
  to   space 19456K, 0% used [0x00000000f0580000,0x00000000f0580000,0x00000000f1880000)
 ParOldGen       total 181248K, used 36955K [0x00000000a0000000, 0x00000000ab100000, 0x00000000e0000000)
  object space 181248K, 20% used [0x00000000a0000000,0x00000000a2416f78,0x00000000ab100000)
 Metaspace       used 57288K, capacity 59044K, committed 59160K, reserved 1099776K
  class space    used 7833K, capacity 8225K, committed 8320K, reserved 1048576K
}
Event: 14.083 GC heap before
{Heap before GC invocations=13 (full 3):
 PSYoungGen      total 222720K, used 207872K [0x00000000e0000000, 0x00000000f1880000, 0x0000000100000000)
  eden space 207872K, 100% used [0x00000000e0000000,0x00000000ecb00000,0x00000000ecb00000)
  from space 14848K, 0% used [0x00000000ecb00000,0x00000000ecb00000,0x00000000ed980000)
  to   space 19456K, 0% used [0x00000000f0580000,0x00000000f0580000,0x00000000f1880000)
 ParOldGen       total 181248K, used 36955K [0x00000000a0000000, 0x00000000ab100000, 0x00000000e0000000)
  object space 181248K, 20% used [0x00000000a0000000,0x00000000a2416f78,0x00000000ab100000)
 Metaspace       used 65136K, capacity 67386K, committed 67456K, reserved 1107968K
  class space    used 8789K, capacity 9292K, committed 9344K, reserved 1048576K
Event: 14.106 GC heap after
Heap after GC invocations=13 (full 3):
 PSYoungGen      total 264192K, used 19448K [0x00000000e0000000, 0x00000000f2600000, 0x0000000100000000)
  eden space 244736K, 0% used [0x00000000e0000000,0x00000000e0000000,0x00000000eef00000)
  from space 19456K, 99% used [0x00000000f0580000,0x00000000f187e100,0x00000000f1880000)
  to   space 23040K, 0% used [0x00000000eef00000,0x00000000eef00000,0x00000000f0580000)
 ParOldGen       total 181248K, used 40233K [0x00000000a0000000, 0x00000000ab100000, 0x00000000e0000000)
  object space 181248K, 22% used [0x00000000a0000000,0x00000000a274a6c8,0x00000000ab100000)
 Metaspace       used 65136K, capacity 67386K, committed 67456K, reserved 1107968K
  class space    used 8789K, capacity 9292K, committed 9344K, reserved 1048576K
}

