# JRE version: OpenJDK Runtime Environment (8.0_212-b04) (build 1.8.0_212-release-1586-b04)
# Java VM: OpenJDK 64-Bit Server VM (25.212-b04 mixed mode windows-amd64 compressed oops)
Heap:
 PSYoungGen      total 274432K, used 46060K [0x00000000e0000000, 0x00000000f2780000, 0x0000000100000000)
  eden space 247808K, 7% used [0x00000000e0000000,0x00000000e12fbfa0,0x00000000ef200000)
  from space 26624K, 99% used [0x00000000ef200000,0x00000000f0bff128,0x00000000f0c00000)
  to   space 20992K, 0% used [0x00000000f0c00000,0x00000000f0c00000,0x00000000f2080000)
 ParOldGen       total 217088K, used 59707K [0x00000000a0000000, 0x00000000ad400000, 0x00000000e0000000)
  object space 217088K, 27% used [0x00000000a0000000,0x00000000a3a4ef20,0x00000000ad400000)
 Metaspace       used 85080K, capacity 88750K, committed 88960K, reserved 1126400K
  class space    used 11108K, capacity 11881K, committed 11904K, reserved 1048576K
GC Heap History (10 events):
Event: 9.565 GC heap before
{Heap before GC invocations=12 (full 2):
 PSYoungGen      total 190464K, used 45189K [0x00000000e0000000, 0x00000000eea80000, 0x0000000100000000)
  eden space 178176K, 18% used [0x00000000e0000000,0x00000000e2022370,0x00000000eae00000)
  from space 12288K, 99% used [0x00000000eae00000,0x00000000eb9ff320,0x00000000eba00000)
  to   space 18432K, 0% used [0x00000000ed880000,0x00000000ed880000,0x00000000eea80000)
 ParOldGen       total 144896K, used 27469K [0x00000000a0000000, 0x00000000a8d80000, 0x00000000e0000000)
  object space 144896K, 18% used [0x00000000a0000000,0x00000000a1ad3558,0x00000000a8d80000)
 Metaspace       used 57341K, capacity 59078K, committed 59160K, reserved 1099776K
  class space    used 7657K, capacity 8037K, committed 8064K, reserved 1048576K
Event: 9.593 GC heap after
Heap after GC invocations=12 (full 2):
 PSYoungGen      total 220160K, used 16758K [0x00000000e0000000, 0x00000000f1500000, 0x0000000100000000)
  eden space 201728K, 0% used [0x00000000e0000000,0x00000000e0000000,0x00000000ec500000)
  from space 18432K, 90% used [0x00000000ed880000,0x00000000ee8dd8c8,0x00000000eea80000)
  to   space 19968K, 0% used [0x00000000ec500000,0x00000000ec500000,0x00000000ed880000)
 ParOldGen       total 144896K, used 27469K [0x00000000a0000000, 0x00000000a8d80000, 0x00000000e0000000)
  object space 144896K, 18% used [0x00000000a0000000,0x00000000a1ad3558,0x00000000a8d80000)
 Metaspace       used 57341K, capacity 59078K, committed 59160K, reserved 1099776K
  class space    used 7657K, capacity 8037K, committed 8064K, reserved 1048576K
}
Event: 9.593 GC heap before
{Heap before GC invocations=13 (full 3):
 PSYoungGen      total 220160K, used 16758K [0x00000000e0000000, 0x00000000f1500000, 0x0000000100000000)
  eden space 201728K, 0% used [0x00000000e0000000,0x00000000e0000000,0x00000000ec500000)
  from space 18432K, 90% used [0x00000000ed880000,0x00000000ee8dd8c8,0x00000000eea80000)
  to   space 19968K, 0% used [0x00000000ec500000,0x00000000ec500000,0x00000000ed880000)
 ParOldGen       total 144896K, used 27469K [0x00000000a0000000, 0x00000000a8d80000, 0x00000000e0000000)
  object space 144896K, 18% used [0x00000000a0000000,0x00000000a1ad3558,0x00000000a8d80000)
 Metaspace       used 57341K, capacity 59078K, committed 59160K, reserved 1099776K
  class space    used 7657K, capacity 8037K, committed 8064K, reserved 1048576K
Event: 9.819 GC heap after
Heap after GC invocations=13 (full 3):
 PSYoungGen      total 220160K, used 0K [0x00000000e0000000, 0x00000000f1500000, 0x0000000100000000)
  eden space 201728K, 0% used [0x00000000e0000000,0x00000000e0000000,0x00000000ec500000)
  from space 18432K, 0% used [0x00000000ed880000,0x00000000ed880000,0x00000000eea80000)
  to   space 19968K, 0% used [0x00000000ec500000,0x00000000ec500000,0x00000000ed880000)
 ParOldGen       total 217088K, used 42210K [0x00000000a0000000, 0x00000000ad400000, 0x00000000e0000000)
  object space 217088K, 19% used [0x00000000a0000000,0x00000000a2938bf8,0x00000000ad400000)
 Metaspace       used 57332K, capacity 59048K, committed 59160K, reserved 1099776K
  class space    used 7654K, capacity 8032K, committed 8064K, reserved 1048576K
}
Event: 12.152 GC heap before
{Heap before GC invocations=14 (full 3):
 PSYoungGen      total 220160K, used 201728K [0x00000000e0000000, 0x00000000f1500000, 0x0000000100000000)
  eden space 201728K, 100% used [0x00000000e0000000,0x00000000ec500000,0x00000000ec500000)
  from space 18432K, 0% used [0x00000000ed880000,0x00000000ed880000,0x00000000eea80000)
  to   space 19968K, 0% used [0x00000000ec500000,0x00000000ec500000,0x00000000ed880000)
 ParOldGen       total 217088K, used 42210K [0x00000000a0000000, 0x00000000ad400000, 0x00000000e0000000)
  object space 217088K, 19% used [0x00000000a0000000,0x00000000a2938bf8,0x00000000ad400000)
 Metaspace       used 65610K, capacity 68022K, committed 68096K, reserved 1107968K
  class space    used 8904K, capacity 9452K, committed 9472K, reserved 1048576K
Event: 12.177 GC heap after
Heap after GC invocations=14 (full 3):
 PSYoungGen      total 221696K, used 16670K [0x00000000e0000000, 0x00000000f2080000, 0x0000000100000000)
  eden space 201728K, 0% used [0x00000000e0000000,0x00000000e0000000,0x00000000ec500000)
  from space 19968K, 83% used [0x00000000ec500000,0x00000000ed547a18,0x00000000ed880000)
  to   space 20992K, 0% used [0x00000000f0c00000,0x00000000f0c00000,0x00000000f2080000)
 ParOldGen       total 217088K, used 42218K [0x00000000a0000000, 0x00000000ad400000, 0x00000000e0000000)
  object space 217088K, 19% used [0x00000000a0000000,0x00000000a293abf8,0x00000000ad400000)
 Metaspace       used 65610K, capacity 68022K, committed 68096K, reserved 1107968K
  class space    used 8904K, capacity 9452K, committed 9472K, reserved 1048576K
}
Event: 15.472 GC heap before
{Heap before GC invocations=15 (full 3):
 PSYoungGen      total 221696K, used 218398K [0x00000000e0000000, 0x00000000f2080000, 0x0000000100000000)
  eden space 201728K, 100% used [0x00000000e0000000,0x00000000ec500000,0x00000000ec500000)
  from space 19968K, 83% used [0x00000000ec500000,0x00000000ed547a18,0x00000000ed880000)
  to   space 20992K, 0% used [0x00000000f0c00000,0x00000000f0c00000,0x00000000f2080000)
 ParOldGen       total 217088K, used 42218K [0x00000000a0000000, 0x00000000ad400000, 0x00000000e0000000)
  object space 217088K, 19% used [0x00000000a0000000,0x00000000a293abf8,0x00000000ad400000)
 Metaspace       used 78136K, capacity 81418K, committed 81792K, reserved 1120256K
  class space    used 10355K, capacity 11033K, committed 11136K, reserved 1048576K
Event: 15.510 GC heap after
Heap after GC invocations=15 (full 3):
 PSYoungGen      total 268800K, used 20976K [0x00000000e0000000, 0x00000000f2780000, 0x0000000100000000)
  eden space 247808K, 0% used [0x00000000e0000000,0x00000000e0000000,0x00000000ef200000)
  from space 20992K, 99% used [0x00000000f0c00000,0x00000000f207c0f8,0x00000000f2080000)
  to   space 26624K, 0% used [0x00000000ef200000,0x00000000ef200000,0x00000000f0c00000)
 ParOldGen       total 217088K, used 51357K [0x00000000a0000000, 0x00000000ad400000, 0x00000000e0000000)
  object space 217088K, 23% used [0x00000000a0000000,0x00000000a32277a0,0x00000000ad400000)
 Metaspace       used 78136K, capacity 81418K, committed 81792K, reserved 1120256K
  class space    used 10355K, capacity 11033K, committed 11136K, reserved 1048576K
}
Event: 28.507 GC heap before
{Heap before GC invocations=16 (full 3):
 PSYoungGen      total 268800K, used 268784K [0x00000000e0000000, 0x00000000f2780000, 0x0000000100000000)
  eden space 247808K, 100% used [0x00000000e0000000,0x00000000ef200000,0x00000000ef200000)
  from space 20992K, 99% used [0x00000000f0c00000,0x00000000f207c0f8,0x00000000f2080000)
  to   space 26624K, 0% used [0x00000000ef200000,0x00000000ef200000,0x00000000f0c00000)
 ParOldGen       total 217088K, used 51357K [0x00000000a0000000, 0x00000000ad400000, 0x00000000e0000000)
  object space 217088K, 23% used [0x00000000a0000000,0x00000000a32277a0,0x00000000ad400000)
 Metaspace       used 84734K, capacity 88398K, committed 88704K, reserved 1126400K
  class space    used 11075K, capacity 11849K, committed 11904K, reserved 1048576K
Event: 28.568 GC heap after
Heap after GC invocations=16 (full 3):
 PSYoungGen      total 274432K, used 26620K [0x00000000e0000000, 0x00000000f2780000, 0x0000000100000000)
  eden space 247808K, 0% used [0x00000000e0000000,0x00000000e0000000,0x00000000ef200000)
  from space 26624K, 99% used [0x00000000ef200000,0x00000000f0bff128,0x00000000f0c00000)
  to   space 20992K, 0% used [0x00000000f0c00000,0x00000000f0c00000,0x00000000f2080000)
 ParOldGen       total 217088K, used 59707K [0x00000000a0000000, 0x00000000ad400000, 0x00000000e0000000)
  object space 217088K, 27% used [0x00000000a0000000,0x00000000a3a4ef20,0x00000000ad400000)
 Metaspace       used 84734K, capacity 88398K, committed 88704K, reserved 1126400K
  class space    used 11075K, capacity 11849K, committed 11904K, reserved 1048576K
}

