# JRE version: OpenJDK Runtime Environment (8.0_212-b04) (build 1.8.0_212-release-1586-b04)
# Java VM: OpenJDK 64-Bit Server VM (25.212-b04 mixed mode windows-amd64 compressed oops)
Heap:
 PSYoungGen      total 474112K, used 349745K [0x00000000e0000000, 0x0000000100000000, 0x0000000100000000)
  eden space 433152K, 80% used [0x00000000e0000000,0x00000000f558c450,0x00000000fa700000)
  from space 40960K, 0% used [0x00000000fd800000,0x00000000fd800000,0x0000000100000000)
  to   space 45568K, 0% used [0x00000000fa700000,0x00000000fa700000,0x00000000fd380000)
 ParOldGen       total 206848K, used 61052K [0x00000000a0000000, 0x00000000aca00000, 0x00000000e0000000)
  object space 206848K, 29% used [0x00000000a0000000,0x00000000a3b9f2e8,0x00000000aca00000)
 Metaspace       used 100154K, capacity 105186K, committed 105408K, reserved 1140736K
  class space    used 13198K, capacity 14251K, committed 14336K, reserved 1048576K
GC Heap History (10 events):
Event: 28.310 GC heap before
{Heap before GC invocations=20 (full 3):
 PSYoungGen      total 381440K, used 381419K [0x00000000e0000000, 0x00000000fae00000, 0x0000000100000000)
  eden space 352768K, 100% used [0x00000000e0000000,0x00000000f5880000,0x00000000f5880000)
  from space 28672K, 99% used [0x00000000f7c00000,0x00000000f97fad20,0x00000000f9800000)
  to   space 36352K, 0% used [0x00000000f5880000,0x00000000f5880000,0x00000000f7c00000)
 ParOldGen       total 206848K, used 76186K [0x00000000a0000000, 0x00000000aca00000, 0x00000000e0000000)
  object space 206848K, 36% used [0x00000000a0000000,0x00000000a4a66a88,0x00000000aca00000)
 Metaspace       used 85167K, capacity 89024K, committed 89048K, reserved 1126400K
  class space    used 11530K, capacity 12267K, committed 12288K, reserved 1048576K
Event: 28.346 GC heap after
Heap after GC invocations=20 (full 3):
 PSYoungGen      total 389120K, used 28877K [0x00000000e0000000, 0x00000000fd380000, 0x0000000100000000)
  eden space 352768K, 0% used [0x00000000e0000000,0x00000000e0000000,0x00000000f5880000)
  from space 36352K, 79% used [0x00000000f5880000,0x00000000f74b3680,0x00000000f7c00000)
  to   space 38400K, 0% used [0x00000000fae00000,0x00000000fae00000,0x00000000fd380000)
 ParOldGen       total 206848K, used 85696K [0x00000000a0000000, 0x00000000aca00000, 0x00000000e0000000)
  object space 206848K, 41% used [0x00000000a0000000,0x00000000a53b0288,0x00000000aca00000)
 Metaspace       used 85167K, capacity 89024K, committed 89048K, reserved 1126400K
  class space    used 11530K, capacity 12267K, committed 12288K, reserved 1048576K
}
Event: 29.953 GC heap before
{Heap before GC invocations=21 (full 3):
 PSYoungGen      total 389120K, used 381645K [0x00000000e0000000, 0x00000000fd380000, 0x0000000100000000)
  eden space 352768K, 100% used [0x00000000e0000000,0x00000000f5880000,0x00000000f5880000)
  from space 36352K, 79% used [0x00000000f5880000,0x00000000f74b3680,0x00000000f7c00000)
  to   space 38400K, 0% used [0x00000000fae00000,0x00000000fae00000,0x00000000fd380000)
 ParOldGen       total 206848K, used 85696K [0x00000000a0000000, 0x00000000aca00000, 0x00000000e0000000)
  object space 206848K, 41% used [0x00000000a0000000,0x00000000a53b0288,0x00000000aca00000)
 Metaspace       used 85178K, capacity 89024K, committed 89048K, reserved 1126400K
  class space    used 11530K, capacity 12267K, committed 12288K, reserved 1048576K
Event: 29.984 GC heap after
Heap after GC invocations=21 (full 3):
 PSYoungGen      total 439296K, used 26921K [0x00000000e0000000, 0x00000000fd500000, 0x0000000100000000)
  eden space 400896K, 0% used [0x00000000e0000000,0x00000000e0000000,0x00000000f8780000)
  from space 38400K, 70% used [0x00000000fae00000,0x00000000fc84a6a8,0x00000000fd380000)
  to   space 39424K, 0% used [0x00000000f8780000,0x00000000f8780000,0x00000000fae00000)
 ParOldGen       total 206848K, used 85704K [0x00000000a0000000, 0x00000000aca00000, 0x00000000e0000000)
  object space 206848K, 41% used [0x00000000a0000000,0x00000000a53b2288,0x00000000aca00000)
 Metaspace       used 85178K, capacity 89024K, committed 89048K, reserved 1126400K
  class space    used 11530K, capacity 12267K, committed 12288K, reserved 1048576K
}
Event: 32.125 GC heap before
{Heap before GC invocations=22 (full 3):
 PSYoungGen      total 439296K, used 427817K [0x00000000e0000000, 0x00000000fd500000, 0x0000000100000000)
  eden space 400896K, 100% used [0x00000000e0000000,0x00000000f8780000,0x00000000f8780000)
  from space 38400K, 70% used [0x00000000fae00000,0x00000000fc84a6a8,0x00000000fd380000)
  to   space 39424K, 0% used [0x00000000f8780000,0x00000000f8780000,0x00000000fae00000)
 ParOldGen       total 206848K, used 85704K [0x00000000a0000000, 0x00000000aca00000, 0x00000000e0000000)
  object space 206848K, 41% used [0x00000000a0000000,0x00000000a53b2288,0x00000000aca00000)
 Metaspace       used 85235K, capacity 89024K, committed 89048K, reserved 1126400K
  class space    used 11539K, capacity 12267K, committed 12288K, reserved 1048576K
Event: 32.157 GC heap after
Heap after GC invocations=22 (full 3):
 PSYoungGen      total 440320K, used 29198K [0x00000000e0000000, 0x0000000100000000, 0x0000000100000000)
  eden space 400896K, 0% used [0x00000000e0000000,0x00000000e0000000,0x00000000f8780000)
  from space 39424K, 74% used [0x00000000f8780000,0x00000000fa403be0,0x00000000fae00000)
  to   space 40960K, 0% used [0x00000000fd800000,0x00000000fd800000,0x0000000100000000)
 ParOldGen       total 206848K, used 85704K [0x00000000a0000000, 0x00000000aca00000, 0x00000000e0000000)
  object space 206848K, 41% used [0x00000000a0000000,0x00000000a53b2288,0x00000000aca00000)
 Metaspace       used 85235K, capacity 89024K, committed 89048K, reserved 1126400K
  class space    used 11539K, capacity 12267K, committed 12288K, reserved 1048576K
}
Event: 120.444 GC heap before
{Heap before GC invocations=23 (full 3):
 PSYoungGen      total 440320K, used 262291K [0x00000000e0000000, 0x0000000100000000, 0x0000000100000000)
  eden space 400896K, 58% used [0x00000000e0000000,0x00000000ee3a1380,0x00000000f8780000)
  from space 39424K, 74% used [0x00000000f8780000,0x00000000fa403be0,0x00000000fae00000)
  to   space 40960K, 0% used [0x00000000fd800000,0x00000000fd800000,0x0000000100000000)
 ParOldGen       total 206848K, used 85704K [0x00000000a0000000, 0x00000000aca00000, 0x00000000e0000000)
  object space 206848K, 41% used [0x00000000a0000000,0x00000000a53b2288,0x00000000aca00000)
 Metaspace       used 94040K, capacity 98400K, committed 98496K, reserved 1134592K
  class space    used 12431K, capacity 13255K, committed 13312K, reserved 1048576K
Event: 120.477 GC heap after
Heap after GC invocations=23 (full 3):
 PSYoungGen      total 474112K, used 37951K [0x00000000e0000000, 0x0000000100000000, 0x0000000100000000)
  eden space 433152K, 0% used [0x00000000e0000000,0x00000000e0000000,0x00000000fa700000)
  from space 40960K, 92% used [0x00000000fd800000,0x00000000ffd0fe20,0x0000000100000000)
  to   space 45568K, 0% used [0x00000000fa700000,0x00000000fa700000,0x00000000fd380000)
 ParOldGen       total 206848K, used 85712K [0x00000000a0000000, 0x00000000aca00000, 0x00000000e0000000)
  object space 206848K, 41% used [0x00000000a0000000,0x00000000a53b4288,0x00000000aca00000)
 Metaspace       used 94040K, capacity 98400K, committed 98496K, reserved 1134592K
  class space    used 12431K, capacity 13255K, committed 13312K, reserved 1048576K
}
Event: 120.477 GC heap before
{Heap before GC invocations=24 (full 4):
 PSYoungGen      total 474112K, used 37951K [0x00000000e0000000, 0x0000000100000000, 0x0000000100000000)
  eden space 433152K, 0% used [0x00000000e0000000,0x00000000e0000000,0x00000000fa700000)
  from space 40960K, 92% used [0x00000000fd800000,0x00000000ffd0fe20,0x0000000100000000)
  to   space 45568K, 0% used [0x00000000fa700000,0x00000000fa700000,0x00000000fd380000)
 ParOldGen       total 206848K, used 85712K [0x00000000a0000000, 0x00000000aca00000, 0x00000000e0000000)
  object space 206848K, 41% used [0x00000000a0000000,0x00000000a53b4288,0x00000000aca00000)
 Metaspace       used 94040K, capacity 98400K, committed 98496K, reserved 1134592K
  class space    used 12431K, capacity 13255K, committed 13312K, reserved 1048576K
Event: 120.703 GC heap after
Heap after GC invocations=24 (full 4):
 PSYoungGen      total 474112K, used 0K [0x00000000e0000000, 0x0000000100000000, 0x0000000100000000)
  eden space 433152K, 0% used [0x00000000e0000000,0x00000000e0000000,0x00000000fa700000)
  from space 40960K, 0% used [0x00000000fd800000,0x00000000fd800000,0x0000000100000000)
  to   space 45568K, 0% used [0x00000000fa700000,0x00000000fa700000,0x00000000fd380000)
 ParOldGen       total 206848K, used 61052K [0x00000000a0000000, 0x00000000aca00000, 0x00000000e0000000)
  object space 206848K, 29% used [0x00000000a0000000,0x00000000a3b9f2e8,0x00000000aca00000)
 Metaspace       used 93810K, capacity 97774K, committed 98496K, reserved 1134592K
  class space    used 12355K, capacity 13128K, committed 13312K, reserved 1048576K
}

