# JRE version: OpenJDK Runtime Environment (8.0_212-b04) (build 1.8.0_212-release-1586-b04)
# Java VM: OpenJDK 64-Bit Server VM (25.212-b04 mixed mode windows-amd64 compressed oops)
Heap:
 PSYoungGen      total 311296K, used 110897K [0x00000000e0000000, 0x00000000f5a80000, 0x0000000100000000)
  eden space 291328K, 31% used [0x00000000e0000000,0x00000000e58cf350,0x00000000f1c80000)
  from space 19968K, 99% used [0x00000000f4700000,0x00000000f5a7d1c8,0x00000000f5a80000)
  to   space 23552K, 0% used [0x00000000f2c80000,0x00000000f2c80000,0x00000000f4380000)
 ParOldGen       total 150016K, used 38882K [0x00000000a0000000, 0x00000000a9280000, 0x00000000e0000000)
  object space 150016K, 25% used [0x00000000a0000000,0x00000000a25f88a0,0x00000000a9280000)
 Metaspace       used 69182K, capacity 71530K, committed 71808K, reserved 1112064K
  class space    used 9082K, capacity 9550K, committed 9600K, reserved 1048576K
GC Heap History (10 events):
Event: 5.371 GC heap before
{Heap before GC invocations=9 (full 2):
 PSYoungGen      total 137728K, used 10958K [0x00000000e0000000, 0x00000000eff80000, 0x0000000100000000)
  eden space 124928K, 0% used [0x00000000e0000000,0x00000000e0000000,0x00000000e7a00000)
  from space 12800K, 85% used [0x00000000e7a00000,0x00000000e84b3950,0x00000000e8680000)
  to   space 13312K, 0% used [0x00000000ef280000,0x00000000ef280000,0x00000000eff80000)
 ParOldGen       total 78848K, used 7413K [0x00000000a0000000, 0x00000000a4d00000, 0x00000000e0000000)
  object space 78848K, 9% used [0x00000000a0000000,0x00000000a073d648,0x00000000a4d00000)
 Metaspace       used 34639K, capacity 35388K, committed 35456K, reserved 1079296K
  class space    used 4746K, capacity 4939K, committed 4992K, reserved 1048576K
Event: 5.421 GC heap after
Heap after GC invocations=9 (full 2):
 PSYoungGen      total 137728K, used 0K [0x00000000e0000000, 0x00000000eff80000, 0x0000000100000000)
  eden space 124928K, 0% used [0x00000000e0000000,0x00000000e0000000,0x00000000e7a00000)
  from space 12800K, 0% used [0x00000000e7a00000,0x00000000e7a00000,0x00000000e8680000)
  to   space 13312K, 0% used [0x00000000ef280000,0x00000000ef280000,0x00000000eff80000)
 ParOldGen       total 103424K, used 17729K [0x00000000a0000000, 0x00000000a6500000, 0x00000000e0000000)
  object space 103424K, 17% used [0x00000000a0000000,0x00000000a11504a0,0x00000000a6500000)
 Metaspace       used 34639K, capacity 35388K, committed 35456K, reserved 1079296K
  class space    used 4746K, capacity 4939K, committed 4992K, reserved 1048576K
}
Event: 6.884 GC heap before
{Heap before GC invocations=10 (full 2):
 PSYoungGen      total 137728K, used 124928K [0x00000000e0000000, 0x00000000eff80000, 0x0000000100000000)
  eden space 124928K, 100% used [0x00000000e0000000,0x00000000e7a00000,0x00000000e7a00000)
  from space 12800K, 0% used [0x00000000e7a00000,0x00000000e7a00000,0x00000000e8680000)
  to   space 13312K, 0% used [0x00000000ef280000,0x00000000ef280000,0x00000000eff80000)
 ParOldGen       total 103424K, used 17729K [0x00000000a0000000, 0x00000000a6500000, 0x00000000e0000000)
  object space 103424K, 17% used [0x00000000a0000000,0x00000000a11504a0,0x00000000a6500000)
 Metaspace       used 47157K, capacity 48294K, committed 48640K, reserved 1091584K
  class space    used 6265K, capacity 6539K, committed 6656K, reserved 1048576K
Event: 6.896 GC heap after
Heap after GC invocations=10 (full 2):
 PSYoungGen      total 232960K, used 13307K [0x00000000e0000000, 0x00000000eff80000, 0x0000000100000000)
  eden space 219648K, 0% used [0x00000000e0000000,0x00000000e0000000,0x00000000ed680000)
  from space 13312K, 99% used [0x00000000ef280000,0x00000000eff7ee40,0x00000000eff80000)
  to   space 15872K, 0% used [0x00000000ee080000,0x00000000ee080000,0x00000000ef000000)
 ParOldGen       total 103424K, used 20248K [0x00000000a0000000, 0x00000000a6500000, 0x00000000e0000000)
  object space 103424K, 19% used [0x00000000a0000000,0x00000000a13c6030,0x00000000a6500000)
 Metaspace       used 47157K, capacity 48294K, committed 48640K, reserved 1091584K
  class space    used 6265K, capacity 6539K, committed 6656K, reserved 1048576K
}
Event: 8.675 GC heap before
{Heap before GC invocations=11 (full 2):
 PSYoungGen      total 232960K, used 143491K [0x00000000e0000000, 0x00000000eff80000, 0x0000000100000000)
  eden space 219648K, 59% used [0x00000000e0000000,0x00000000e7f21e90,0x00000000ed680000)
  from space 13312K, 99% used [0x00000000ef280000,0x00000000eff7ee40,0x00000000eff80000)
  to   space 15872K, 0% used [0x00000000ee080000,0x00000000ee080000,0x00000000ef000000)
 ParOldGen       total 103424K, used 20248K [0x00000000a0000000, 0x00000000a6500000, 0x00000000e0000000)
  object space 103424K, 19% used [0x00000000a0000000,0x00000000a13c6030,0x00000000a6500000)
 Metaspace       used 57317K, capacity 58998K, committed 59096K, reserved 1099776K
  class space    used 7665K, capacity 8024K, committed 8064K, reserved 1048576K
Event: 8.705 GC heap after
Heap after GC invocations=11 (full 2):
 PSYoungGen      total 245760K, used 15865K [0x00000000e0000000, 0x00000000f5a80000, 0x0000000100000000)
  eden space 229888K, 0% used [0x00000000e0000000,0x00000000e0000000,0x00000000ee080000)
  from space 15872K, 99% used [0x00000000ee080000,0x00000000eeffe428,0x00000000ef000000)
  to   space 19968K, 0% used [0x00000000f4700000,0x00000000f4700000,0x00000000f5a80000)
 ParOldGen       total 103424K, used 25987K [0x00000000a0000000, 0x00000000a6500000, 0x00000000e0000000)
  object space 103424K, 25% used [0x00000000a0000000,0x00000000a1960ee8,0x00000000a6500000)
 Metaspace       used 57317K, capacity 58998K, committed 59096K, reserved 1099776K
  class space    used 7665K, capacity 8024K, committed 8064K, reserved 1048576K
}
Event: 8.705 GC heap before
{Heap before GC invocations=12 (full 3):
 PSYoungGen      total 245760K, used 15865K [0x00000000e0000000, 0x00000000f5a80000, 0x0000000100000000)
  eden space 229888K, 0% used [0x00000000e0000000,0x00000000e0000000,0x00000000ee080000)
  from space 15872K, 99% used [0x00000000ee080000,0x00000000eeffe428,0x00000000ef000000)
  to   space 19968K, 0% used [0x00000000f4700000,0x00000000f4700000,0x00000000f5a80000)
 ParOldGen       total 103424K, used 25987K [0x00000000a0000000, 0x00000000a6500000, 0x00000000e0000000)
  object space 103424K, 25% used [0x00000000a0000000,0x00000000a1960ee8,0x00000000a6500000)
 Metaspace       used 57317K, capacity 58998K, committed 59096K, reserved 1099776K
  class space    used 7665K, capacity 8024K, committed 8064K, reserved 1048576K
Event: 9.051 GC heap after
Heap after GC invocations=12 (full 3):
 PSYoungGen      total 245760K, used 0K [0x00000000e0000000, 0x00000000f5a80000, 0x0000000100000000)
  eden space 229888K, 0% used [0x00000000e0000000,0x00000000e0000000,0x00000000ee080000)
  from space 15872K, 0% used [0x00000000ee080000,0x00000000ee080000,0x00000000ef000000)
  to   space 19968K, 0% used [0x00000000f4700000,0x00000000f4700000,0x00000000f5a80000)
 ParOldGen       total 150016K, used 35854K [0x00000000a0000000, 0x00000000a9280000, 0x00000000e0000000)
  object space 150016K, 23% used [0x00000000a0000000,0x00000000a2303bc8,0x00000000a9280000)
 Metaspace       used 57317K, capacity 58998K, committed 59096K, reserved 1099776K
  class space    used 7665K, capacity 8024K, committed 8064K, reserved 1048576K
}
Event: 14.118 GC heap before
{Heap before GC invocations=13 (full 3):
 PSYoungGen      total 245760K, used 229888K [0x00000000e0000000, 0x00000000f5a80000, 0x0000000100000000)
  eden space 229888K, 100% used [0x00000000e0000000,0x00000000ee080000,0x00000000ee080000)
  from space 15872K, 0% used [0x00000000ee080000,0x00000000ee080000,0x00000000ef000000)
  to   space 19968K, 0% used [0x00000000f4700000,0x00000000f4700000,0x00000000f5a80000)
 ParOldGen       total 150016K, used 35854K [0x00000000a0000000, 0x00000000a9280000, 0x00000000e0000000)
  object space 150016K, 23% used [0x00000000a0000000,0x00000000a2303bc8,0x00000000a9280000)
 Metaspace       used 65579K, capacity 67858K, committed 68096K, reserved 1107968K
  class space    used 8712K, capacity 9182K, committed 9216K, reserved 1048576K
Event: 14.152 GC heap after
Heap after GC invocations=13 (full 3):
 PSYoungGen      total 311296K, used 19956K [0x00000000e0000000, 0x00000000f5a80000, 0x0000000100000000)
  eden space 291328K, 0% used [0x00000000e0000000,0x00000000e0000000,0x00000000f1c80000)
  from space 19968K, 99% used [0x00000000f4700000,0x00000000f5a7d1c8,0x00000000f5a80000)
  to   space 23552K, 0% used [0x00000000f2c80000,0x00000000f2c80000,0x00000000f4380000)
 ParOldGen       total 150016K, used 38882K [0x00000000a0000000, 0x00000000a9280000, 0x00000000e0000000)
  object space 150016K, 25% used [0x00000000a0000000,0x00000000a25f88a0,0x00000000a9280000)
 Metaspace       used 65579K, capacity 67858K, committed 68096K, reserved 1107968K
  class space    used 8712K, capacity 9182K, committed 9216K, reserved 1048576K
}

