# JRE version: OpenJDK Runtime Environment (8.0_212-b04) (build 1.8.0_212-release-1586-b04)
# Java VM: OpenJDK 64-Bit Server VM (25.212-b04 mixed mode windows-amd64 compressed oops)
Heap:
 PSYoungGen      total 279552K, used 80843K [0x00000000e0000000, 0x00000000f2c00000, 0x0000000100000000)
  eden space 260096K, 23% used [0x00000000e0000000,0x00000000e3c4d300,0x00000000efe00000)
  from space 19456K, 98% used [0x00000000f1780000,0x00000000f2a25cf0,0x00000000f2a80000)
  to   space 23552K, 0% used [0x00000000efe00000,0x00000000efe00000,0x00000000f1500000)
 ParOldGen       total 175104K, used 50374K [0x00000000a0000000, 0x00000000aab00000, 0x00000000e0000000)
  object space 175104K, 28% used [0x00000000a0000000,0x00000000a3131948,0x00000000aab00000)
 Metaspace       used 78513K, capacity 81490K, committed 81664K, reserved 1120256K
  class space    used 10146K, capacity 10729K, committed 10752K, reserved 1048576K
GC Heap History (10 events):
Event: 13.307 GC heap before
{Heap before GC invocations=11 (full 2):
 PSYoungGen      total 204800K, used 156592K [0x00000000e0000000, 0x00000000ee580000, 0x0000000100000000)
  eden space 192000K, 74% used [0x00000000e0000000,0x00000000e8c6dde8,0x00000000ebb80000)
  from space 12800K, 99% used [0x00000000ed900000,0x00000000ee57e4e0,0x00000000ee580000)
  to   space 14848K, 0% used [0x00000000ec880000,0x00000000ec880000,0x00000000ed700000)
 ParOldGen       total 119808K, used 19281K [0x00000000a0000000, 0x00000000a7500000, 0x00000000e0000000)
  object space 119808K, 16% used [0x00000000a0000000,0x00000000a12d46a8,0x00000000a7500000)
 Metaspace       used 57304K, capacity 59072K, committed 59160K, reserved 1099776K
  class space    used 7838K, capacity 8255K, committed 8320K, reserved 1048576K
Event: 13.384 GC heap after
Heap after GC invocations=11 (full 2):
 PSYoungGen      total 220160K, used 14836K [0x00000000e0000000, 0x00000000f2a80000, 0x0000000100000000)
  eden space 205312K, 0% used [0x00000000e0000000,0x00000000e0000000,0x00000000ec880000)
  from space 14848K, 99% used [0x00000000ec880000,0x00000000ed6fd2c0,0x00000000ed700000)
  to   space 19456K, 0% used [0x00000000f1780000,0x00000000f1780000,0x00000000f2a80000)
 ParOldGen       total 119808K, used 27258K [0x00000000a0000000, 0x00000000a7500000, 0x00000000e0000000)
  object space 119808K, 22% used [0x00000000a0000000,0x00000000a1a9e870,0x00000000a7500000)
 Metaspace       used 57304K, capacity 59072K, committed 59160K, reserved 1099776K
  class space    used 7838K, capacity 8255K, committed 8320K, reserved 1048576K
}
Event: 13.384 GC heap before
{Heap before GC invocations=12 (full 3):
 PSYoungGen      total 220160K, used 14836K [0x00000000e0000000, 0x00000000f2a80000, 0x0000000100000000)
  eden space 205312K, 0% used [0x00000000e0000000,0x00000000e0000000,0x00000000ec880000)
  from space 14848K, 99% used [0x00000000ec880000,0x00000000ed6fd2c0,0x00000000ed700000)
  to   space 19456K, 0% used [0x00000000f1780000,0x00000000f1780000,0x00000000f2a80000)
 ParOldGen       total 119808K, used 27258K [0x00000000a0000000, 0x00000000a7500000, 0x00000000e0000000)
  object space 119808K, 22% used [0x00000000a0000000,0x00000000a1a9e870,0x00000000a7500000)
 Metaspace       used 57304K, capacity 59072K, committed 59160K, reserved 1099776K
  class space    used 7838K, capacity 8255K, committed 8320K, reserved 1048576K
Event: 13.641 GC heap after
Heap after GC invocations=12 (full 3):
 PSYoungGen      total 220160K, used 0K [0x00000000e0000000, 0x00000000f2a80000, 0x0000000100000000)
  eden space 205312K, 0% used [0x00000000e0000000,0x00000000e0000000,0x00000000ec880000)
  from space 14848K, 0% used [0x00000000ec880000,0x00000000ec880000,0x00000000ed700000)
  to   space 19456K, 0% used [0x00000000f1780000,0x00000000f1780000,0x00000000f2a80000)
 ParOldGen       total 175104K, used 37058K [0x00000000a0000000, 0x00000000aab00000, 0x00000000e0000000)
  object space 175104K, 21% used [0x00000000a0000000,0x00000000a2430840,0x00000000aab00000)
 Metaspace       used 57304K, capacity 59072K, committed 59160K, reserved 1099776K
  class space    used 7838K, capacity 8255K, committed 8320K, reserved 1048576K
}
Event: 19.443 GC heap before
{Heap before GC invocations=13 (full 3):
 PSYoungGen      total 220160K, used 205312K [0x00000000e0000000, 0x00000000f2a80000, 0x0000000100000000)
  eden space 205312K, 100% used [0x00000000e0000000,0x00000000ec880000,0x00000000ec880000)
  from space 14848K, 0% used [0x00000000ec880000,0x00000000ec880000,0x00000000ed700000)
  to   space 19456K, 0% used [0x00000000f1780000,0x00000000f1780000,0x00000000f2a80000)
 ParOldGen       total 175104K, used 37058K [0x00000000a0000000, 0x00000000aab00000, 0x00000000e0000000)
  object space 175104K, 21% used [0x00000000a0000000,0x00000000a2430840,0x00000000aab00000)
 Metaspace       used 66003K, capacity 68510K, committed 68608K, reserved 1107968K
  class space    used 8896K, capacity 9462K, committed 9472K, reserved 1048576K
Event: 19.487 GC heap after
Heap after GC invocations=13 (full 3):
 PSYoungGen      total 279552K, used 19426K [0x00000000e0000000, 0x00000000f2c00000, 0x0000000100000000)
  eden space 260096K, 0% used [0x00000000e0000000,0x00000000e0000000,0x00000000efe00000)
  from space 19456K, 99% used [0x00000000f1780000,0x00000000f2a78970,0x00000000f2a80000)
  to   space 23552K, 0% used [0x00000000efe00000,0x00000000efe00000,0x00000000f1500000)
 ParOldGen       total 175104K, used 40806K [0x00000000a0000000, 0x00000000aab00000, 0x00000000e0000000)
  object space 175104K, 23% used [0x00000000a0000000,0x00000000a27d9aa8,0x00000000aab00000)
 Metaspace       used 66003K, capacity 68510K, committed 68608K, reserved 1107968K
  class space    used 8896K, capacity 9462K, committed 9472K, reserved 1048576K
}
Event: 26.691 GC heap before
{Heap before GC invocations=14 (full 3):
 PSYoungGen      total 279552K, used 279522K [0x00000000e0000000, 0x00000000f2c00000, 0x0000000100000000)
  eden space 260096K, 100% used [0x00000000e0000000,0x00000000efe00000,0x00000000efe00000)
  from space 19456K, 99% used [0x00000000f1780000,0x00000000f2a78970,0x00000000f2a80000)
  to   space 23552K, 0% used [0x00000000efe00000,0x00000000efe00000,0x00000000f1500000)
 ParOldGen       total 175104K, used 40806K [0x00000000a0000000, 0x00000000aab00000, 0x00000000e0000000)
  object space 175104K, 23% used [0x00000000a0000000,0x00000000a27d9aa8,0x00000000aab00000)
 Metaspace       used 72576K, capacity 75248K, committed 75520K, reserved 1114112K
  class space    used 9680K, capacity 10235K, committed 10240K, reserved 1048576K
Event: 26.720 GC heap after
Heap after GC invocations=14 (full 3):
 PSYoungGen      total 283648K, used 17631K [0x00000000e0000000, 0x00000000f2c00000, 0x0000000100000000)
  eden space 260096K, 0% used [0x00000000e0000000,0x00000000e0000000,0x00000000efe00000)
  from space 23552K, 74% used [0x00000000efe00000,0x00000000f0f37d80,0x00000000f1500000)
  to   space 19456K, 0% used [0x00000000f1780000,0x00000000f1780000,0x00000000f2a80000)
 ParOldGen       total 175104K, used 50366K [0x00000000a0000000, 0x00000000aab00000, 0x00000000e0000000)
  object space 175104K, 28% used [0x00000000a0000000,0x00000000a312f948,0x00000000aab00000)
 Metaspace       used 72576K, capacity 75248K, committed 75520K, reserved 1114112K
  class space    used 9680K, capacity 10235K, committed 10240K, reserved 1048576K
}
Event: 53.764 GC heap before
{Heap before GC invocations=15 (full 3):
 PSYoungGen      total 283648K, used 277727K [0x00000000e0000000, 0x00000000f2c00000, 0x0000000100000000)
  eden space 260096K, 100% used [0x00000000e0000000,0x00000000efe00000,0x00000000efe00000)
  from space 23552K, 74% used [0x00000000efe00000,0x00000000f0f37d80,0x00000000f1500000)
  to   space 19456K, 0% used [0x00000000f1780000,0x00000000f1780000,0x00000000f2a80000)
 ParOldGen       total 175104K, used 50366K [0x00000000a0000000, 0x00000000aab00000, 0x00000000e0000000)
  object space 175104K, 28% used [0x00000000a0000000,0x00000000a312f948,0x00000000aab00000)
 Metaspace       used 78400K, capacity 81292K, committed 81408K, reserved 1120256K
  class space    used 10145K, capacity 10728K, committed 10752K, reserved 1048576K
Event: 53.785 GC heap after
Heap after GC invocations=15 (full 3):
 PSYoungGen      total 279552K, used 19095K [0x00000000e0000000, 0x00000000f2c00000, 0x0000000100000000)
  eden space 260096K, 0% used [0x00000000e0000000,0x00000000e0000000,0x00000000efe00000)
  from space 19456K, 98% used [0x00000000f1780000,0x00000000f2a25cf0,0x00000000f2a80000)
  to   space 23552K, 0% used [0x00000000efe00000,0x00000000efe00000,0x00000000f1500000)
 ParOldGen       total 175104K, used 50374K [0x00000000a0000000, 0x00000000aab00000, 0x00000000e0000000)
  object space 175104K, 28% used [0x00000000a0000000,0x00000000a3131948,0x00000000aab00000)
 Metaspace       used 78400K, capacity 81292K, committed 81408K, reserved 1120256K
  class space    used 10145K, capacity 10728K, committed 10752K, reserved 1048576K
}

